<?xml version="1.0" encoding="UTF-8"?>
<!-- Generated by org.testng.reporters.JUnitReportReporter -->
<testsuite skipped="0" hostname="DESKTOP-K4D3NHR" name="testCase.LoginPageTest" tests="2" failures="0" timestamp="12 Jul 2021 23:19:02 GMT" time="21.570" errors="0">
  <testcase name="loginTest" time="10.415" classname="testCase.LoginPageTest"/>
  <testcase name="loginpageTitleTest" time="11.155" classname="testCase.LoginPageTest"/>
</testsuite> <!-- testCase.LoginPageTest -->
